<?xml version="1.0" encoding="UTF-8"?>
<testsuite name="Testing.Package.StaffTest" tests="1" skipped="0" failures="0" errors="0" timestamp="2016-11-01T13:57:35" hostname="Kriss" time="0.26">
  <properties/>
  <testcase name="testHmac" classname="Testing.Package.StaffTest" time="0.26"/>
  <system-out><![CDATA[CXTfyy84BfM0iMC/Pr3kNiuqyJz85ZilYr8m/I11/tw=
]]></system-out>
  <system-err><![CDATA[]]></system-err>
</testsuite>
